Using pre-set license
Built from '2020.3/staging' branch; Version is '2020.3.25f1 (9b9180224418) revision 10195328'; Using compiler version '192528614'; Build Type 'Release'
OS: 'Windows 10  (10.0.19043) 64bit Professional' Language: 'fr' Physical Memory: 16236 MB
BatchMode: 1, IsHumanControllingUs: 0, StartBugReporterOnCrash: 0, Is64bit: 1, IsPro: 0

COMMAND LINE ARGUMENTS:
C:\2020.3.25f1\Editor\Unity.exe
-adb2
-batchMode
-noUpm
-name
AssetImportWorker0
-projectPath
C:/Users/MorGui/My project (1)
-logFile
Logs/AssetImportWorker0.log
-srvPort
7142
Successfully changed project path to: C:/Users/MorGui/My project (1)
C:/Users/MorGui/My project (1)
Using Asset Import Pipeline V2.
Refreshing native plugins compatible for Editor in 67.14 ms, found 3 plugins.
Preloading 0 native plugins for Editor in 0.00 ms.
Initialize engine version: 2020.3.25f1 (9b9180224418)
[Subsystems] Discovering subsystems at path C:/2020.3.25f1/Editor/Data/Resources/UnitySubsystems
[Subsystems] Discovering subsystems at path C:/Users/MorGui/My project (1)/Assets
GfxDevice: creating device client; threaded=0
Direct3D:
    Version:  Direct3D 11.0 [level 11.1]
    Renderer: NVIDIA GeForce RTX 3060 (ID=0x2504)
    Vendor:   
    VRAM:     12143 MB
    Driver:   30.0.14.9729
Initialize mono
Mono path[0] = 'C:/2020.3.25f1/Editor/Data/Managed'
Mono path[1] = 'C:/2020.3.25f1/Editor/Data/MonoBleedingEdge/lib/mono/unityjit'
Mono config path = 'C:/2020.3.25f1/Editor/Data/MonoBleedingEdge/etc'
Using monoOptions --debugger-agent=transport=dt_socket,embedding=1,server=y,suspend=n,address=127.0.0.1:56700
Begin MonoManager ReloadAssembly
Registering precompiled unity dll's ...
Register platform support module: C:/2020.3.25f1/Editor/Data/PlaybackEngines/WebGLSupport/UnityEditor.WebGL.Extensions.dll
Register platform support module: C:/2020.3.25f1/Editor/Data/PlaybackEngines/WindowsStandaloneSupport/UnityEditor.WindowsStandalone.Extensions.dll
Registered in 0.001955 seconds.
Native extension for WindowsStandalone target not found
Native extension for WebGL target not found
Refreshing native plugins compatible for Editor in 63.27 ms, found 3 plugins.
Preloading 0 native plugins for Editor in 0.00 ms.
Mono: successfully reloaded assembly
- Completed reload, in  0.527 seconds
Domain Reload Profiling:
	ReloadAssembly (527ms)
		BeginReloadAssembly (44ms)
			ExecutionOrderSort (0ms)
			DisableScriptedObjects (0ms)
			BackupInstance (0ms)
			ReleaseScriptingObjects (0ms)
			CreateAndSetChildDomain (1ms)
		EndReloadAssembly (419ms)
			LoadAssemblies (42ms)
			RebuildTransferFunctionScriptingTraits (0ms)
			SetupTypeCache (138ms)
			ReleaseScriptCaches (0ms)
			RebuildScriptCaches (25ms)
			SetupLoadedEditorAssemblies (174ms)
				LogAssemblyErrors (0ms)
				InitializePlatformSupportModulesInManaged (5ms)
				SetLoadedEditorAssemblies (0ms)
				RefreshPlugins (63ms)
				BeforeProcessingInitializeOnLoad (7ms)
				ProcessInitializeOnLoadAttributes (75ms)
				ProcessInitializeOnLoadMethodAttributes (24ms)
				AfterProcessingInitializeOnLoad (0ms)
				EditorAssembliesLoaded (0ms)
			ExecutionOrderSort2 (0ms)
			AwakeInstancesAfterBackupRestoration (0ms)
Platform modules already initialized, skipping
Registering precompiled user dll's ...
Registered in 0.004429 seconds.
Begin MonoManager ReloadAssembly
Native extension for WindowsStandalone target not found
Native extension for WebGL target not found
Refreshing native plugins compatible for Editor in 63.67 ms, found 3 plugins.
Preloading 0 native plugins for Editor in 0.00 ms.
Mono: successfully reloaded assembly
- Completed reload, in  1.037 seconds
Domain Reload Profiling:
	ReloadAssembly (1038ms)
		BeginReloadAssembly (121ms)
			ExecutionOrderSort (0ms)
			DisableScriptedObjects (4ms)
			BackupInstance (0ms)
			ReleaseScriptingObjects (0ms)
			CreateAndSetChildDomain (16ms)
		EndReloadAssembly (862ms)
			LoadAssemblies (77ms)
			RebuildTransferFunctionScriptingTraits (0ms)
			SetupTypeCache (285ms)
			ReleaseScriptCaches (1ms)
			RebuildScriptCaches (52ms)
			SetupLoadedEditorAssemblies (341ms)
				LogAssemblyErrors (0ms)
				InitializePlatformSupportModulesInManaged (4ms)
				SetLoadedEditorAssemblies (0ms)
				RefreshPlugins (64ms)
				BeforeProcessingInitializeOnLoad (66ms)
				ProcessInitializeOnLoadAttributes (188ms)
				ProcessInitializeOnLoadMethodAttributes (14ms)
				AfterProcessingInitializeOnLoad (5ms)
				EditorAssembliesLoaded (0ms)
			ExecutionOrderSort2 (0ms)
			AwakeInstancesAfterBackupRestoration (5ms)
Platform modules already initialized, skipping
========================================================================
Worker process is ready to serve import requests
Launched and connected shader compiler UnityShaderCompiler.exe after 0.05 seconds
Refreshing native plugins compatible for Editor in 0.75 ms, found 3 plugins.
Preloading 0 native plugins for Editor in 0.00 ms.
Unloading 2665 Unused Serialized files (Serialized files now loaded: 0)
System memory in use before: 121.4 MB.
System memory in use after: 121.6 MB.

Unloading 28 unused Assets to reduce memory usage. Loaded Objects now: 3107.
Total: 2.737600 ms (FindLiveObjects: 0.234900 ms CreateObjectMapping: 0.112100 ms MarkObjects: 2.370200 ms  DeleteObjects: 0.019500 ms)

AssetImportParameters requested are different than current active one (requested -> active):
  custom:framework-win-MediaFoundation: 216162199b28c13a410421893ffa2e32 -> 
  custom:video-decoder-ogg-theora: a1e56fd34408186e4bbccfd4996cb3dc -> 
  custom:container-muxer-webm: aa71ff27fc2769a1b78a27578f13a17b -> 
  custom:container-demuxer-webm: 4f35f7cbe854078d1ac9338744f61a02 -> 
  custom:container-demuxer-ogg: 62fdf1f143b41e24485cea50d1cbac27 -> 
  custom:video-encoder-webm-vp8: eb34c28f22e8b96e1ab97ce403110664 -> 
  custom:video-decoder-webm-vp8: 9c59270c3fd7afecdb556c50c9e8de78 -> 
  custom:audio-decoder-ogg-vorbis: bf7c407c2cedff20999df2af8eb42d56 -> 
  custom:audio-encoder-webm-vorbis: bf7c407c2cedff20999df2af8eb42d56 -> 
========================================================================
Received Import Request.
  path: Assets/2DGamekit/Art/Sprites/AnimatedSprites/Ellen/CutsceneAnimation/Ellen_CutscenePortrait_033.png
  artifactKey: Guid(93e3d0ece463bdd4f8de3a5e13640f52) Importer(815301076,1909f56bfc062723c751e8b465ee728b)
Start importing Assets/2DGamekit/Art/Sprites/AnimatedSprites/Ellen/CutsceneAnimation/Ellen_CutscenePortrait_033.png using Guid(93e3d0ece463bdd4f8de3a5e13640f52) Importer(815301076,1909f56bfc062723c751e8b465ee728b)  -> (artifact id: 'f765c93178c25549b40d1af5ae93a492') in 0.125737 seconds 
  Import took 0.129835 seconds .

========================================================================
Received Import Request.
  Time since last request: 0.000156 seconds.
  path: Assets/2DGamekit/Art/Sprites/AnimatedSprites/Ellen/CutsceneAnimation/Ellen_CutscenePortrait_032.png
  artifactKey: Guid(a94191f83905200448f763e26e38b1f0) Importer(815301076,1909f56bfc062723c751e8b465ee728b)
Start importing Assets/2DGamekit/Art/Sprites/AnimatedSprites/Ellen/CutsceneAnimation/Ellen_CutscenePortrait_032.png using Guid(a94191f83905200448f763e26e38b1f0) Importer(815301076,1909f56bfc062723c751e8b465ee728b)  -> (artifact id: '77d0df56c5557188e213406fd5b08231') in 0.023518 seconds 
  Import took 0.027747 seconds .

========================================================================
Received Import Request.
  Time since last request: 457.668842 seconds.
  path: Assets/2DGamekit/Art/Sprites/UI/HUD/BossHealth.png
  artifactKey: Guid(2a305122cc204a041804db2417ad3ac2) Importer(815301076,1909f56bfc062723c751e8b465ee728b)
Start importing Assets/2DGamekit/Art/Sprites/UI/HUD/BossHealth.png using Guid(2a305122cc204a041804db2417ad3ac2) Importer(815301076,1909f56bfc062723c751e8b465ee728b)  -> (artifact id: '6e75277c4e6825879f83056dd1979475') in 0.065386 seconds 
  Import took 0.070188 seconds .

========================================================================
Received Import Request.
  Time since last request: 3.277716 seconds.
  path: Assets/2DGamekit/Art/Sprites/AnimatedSprites/Ellen/Animations/Push/Anim_PUSH_00001.png
  artifactKey: Guid(63543f60a4c70d546a5c4a0f63a2ad29) Importer(815301076,1909f56bfc062723c751e8b465ee728b)
Start importing Assets/2DGamekit/Art/Sprites/AnimatedSprites/Ellen/Animations/Push/Anim_PUSH_00001.png using Guid(63543f60a4c70d546a5c4a0f63a2ad29) Importer(815301076,1909f56bfc062723c751e8b465ee728b)  -> (artifact id: '7b2f5f864a697be075c0fad6f549d2ef') in 0.016441 seconds 
  Import took 0.020588 seconds .

========================================================================
Received Import Request.
  Time since last request: 0.000150 seconds.
  path: Assets/2DGamekit/Art/Sprites/AnimatedSprites/Ellen/Animations/Push/Anim_PUSH_00027.png
  artifactKey: Guid(881250471e7213f42819ba1d7bb1d4e0) Importer(815301076,1909f56bfc062723c751e8b465ee728b)
Start importing Assets/2DGamekit/Art/Sprites/AnimatedSprites/Ellen/Animations/Push/Anim_PUSH_00027.png using Guid(881250471e7213f42819ba1d7bb1d4e0) Importer(815301076,1909f56bfc062723c751e8b465ee728b)  -> (artifact id: 'c6013961087810dd7d46fffa110c503c') in 0.013713 seconds 
  Import took 0.017756 seconds .

========================================================================
Received Import Request.
  Time since last request: 0.000125 seconds.
  path: Assets/2DGamekit/Art/Sprites/UI/HUD/BossShield.png
  artifactKey: Guid(d9c54273056f7d943920c5257c20b75f) Importer(815301076,1909f56bfc062723c751e8b465ee728b)
Start importing Assets/2DGamekit/Art/Sprites/UI/HUD/BossShield.png using Guid(d9c54273056f7d943920c5257c20b75f) Importer(815301076,1909f56bfc062723c751e8b465ee728b)  -> (artifact id: '4dc3760f2f8554fdff95afbf82296555') in 0.040606 seconds 
  Import took 0.044557 seconds .

========================================================================
Received Import Request.
  Time since last request: 0.000162 seconds.
  path: Assets/2DGamekit/Art/Sprites/AnimatedSprites/Ellen/Animations/Push/Anim_PUSH_00013.png
  artifactKey: Guid(6469e4f4bdda7e8488924cf6ef74c464) Importer(815301076,1909f56bfc062723c751e8b465ee728b)
Start importing Assets/2DGamekit/Art/Sprites/AnimatedSprites/Ellen/Animations/Push/Anim_PUSH_00013.png using Guid(6469e4f4bdda7e8488924cf6ef74c464) Importer(815301076,1909f56bfc062723c751e8b465ee728b)  -> (artifact id: '5922355ae56b7387dd0de2485b4e9fb9') in 0.013735 seconds 
  Import took 0.017682 seconds .

========================================================================
Received Import Request.
  Time since last request: 0.000150 seconds.
  path: Assets/2DGamekit/Art/Sprites/AnimatedSprites/Ellen/Animations/Push/Anim_PUSH_00023.png
  artifactKey: Guid(9528c4275cc1a114f9e755b4d9084936) Importer(815301076,1909f56bfc062723c751e8b465ee728b)
Start importing Assets/2DGamekit/Art/Sprites/AnimatedSprites/Ellen/Animations/Push/Anim_PUSH_00023.png using Guid(9528c4275cc1a114f9e755b4d9084936) Importer(815301076,1909f56bfc062723c751e8b465ee728b)  -> (artifact id: 'ae2b5bc9140e10a175e1f06d41807d6f') in 0.012575 seconds 
  Import took 0.016397 seconds .

========================================================================
Received Import Request.
  Time since last request: 0.000164 seconds.
  path: Assets/2DGamekit/Art/Sprites/AnimatedSprites/Ellen/Animations/Push/Anim_PUSH_00019.png
  artifactKey: Guid(80583dd2d497d144b8d2282bf2184cc2) Importer(815301076,1909f56bfc062723c751e8b465ee728b)
Start importing Assets/2DGamekit/Art/Sprites/AnimatedSprites/Ellen/Animations/Push/Anim_PUSH_00019.png using Guid(80583dd2d497d144b8d2282bf2184cc2) Importer(815301076,1909f56bfc062723c751e8b465ee728b)  -> (artifact id: 'f92cb8173a043d7b2d2ce1d6abacfd0e') in 0.013723 seconds 
  Import took 0.017515 seconds .

========================================================================
Received Import Request.
  Time since last request: 0.000130 seconds.
  path: Assets/2DGamekit/Art/Sprites/AnimatedSprites/Ellen/Animations/Push/Anim_PUSH_00029.png
  artifactKey: Guid(63290ff7381eab84eb49e7b9345c809f) Importer(815301076,1909f56bfc062723c751e8b465ee728b)
Start importing Assets/2DGamekit/Art/Sprites/AnimatedSprites/Ellen/Animations/Push/Anim_PUSH_00029.png using Guid(63290ff7381eab84eb49e7b9345c809f) Importer(815301076,1909f56bfc062723c751e8b465ee728b)  -> (artifact id: 'e7ba4f6084ce4831d5e45dcafa27775f') in 0.012927 seconds 
  Import took 0.016918 seconds .

========================================================================
Received Import Request.
  Time since last request: 0.000157 seconds.
  path: Assets/2DGamekit/Art/Sprites/AnimatedSprites/Ellen/Animations/Push/Anim_PUSH_00015.png
  artifactKey: Guid(3db4a46ab9121ab4c82e33ae0f3d8710) Importer(815301076,1909f56bfc062723c751e8b465ee728b)
Start importing Assets/2DGamekit/Art/Sprites/AnimatedSprites/Ellen/Animations/Push/Anim_PUSH_00015.png using Guid(3db4a46ab9121ab4c82e33ae0f3d8710) Importer(815301076,1909f56bfc062723c751e8b465ee728b)  -> (artifact id: 'f68a56dd300f0019881302d65e675a2a') in 0.012311 seconds 
  Import took 0.016421 seconds .

========================================================================
Received Import Request.
  Time since last request: 0.000173 seconds.
  path: Assets/2DGamekit/Art/Sprites/AnimatedSprites/Ellen/Animations/Push/Anim_PUSH_00017.png
  artifactKey: Guid(d9c068be09f82944db652218d2ef1c52) Importer(815301076,1909f56bfc062723c751e8b465ee728b)
Start importing Assets/2DGamekit/Art/Sprites/AnimatedSprites/Ellen/Animations/Push/Anim_PUSH_00017.png using Guid(d9c068be09f82944db652218d2ef1c52) Importer(815301076,1909f56bfc062723c751e8b465ee728b)  -> (artifact id: '58ae7609d67fbcf13cf5a867febfbad7') in 0.012133 seconds 
  Import took 0.016085 seconds .

========================================================================
Received Import Request.
  Time since last request: 0.000141 seconds.
  path: Assets/2DGamekit/Utilities/TextMesh Pro/Resources/Style Sheets/Default Style Sheet.asset
  artifactKey: Guid(f952c082cb03451daed3ee968ac6c63e) Importer(815301076,1909f56bfc062723c751e8b465ee728b)
Start importing Assets/2DGamekit/Utilities/TextMesh Pro/Resources/Style Sheets/Default Style Sheet.asset using Guid(f952c082cb03451daed3ee968ac6c63e) Importer(815301076,1909f56bfc062723c751e8b465ee728b)  -> (artifact id: '805c64555fe4c9c30ea6db7c5c602289') in 0.013298 seconds 
  Import took 0.017358 seconds .

========================================================================
Received Import Request.
  Time since last request: 0.000165 seconds.
  path: Assets/2DGamekit/Art/Sprites/AnimatedSprites/Ellen/Animations/Push/Anim_PUSH_00009.png
  artifactKey: Guid(78a64664c88ec60478ced92e86dbb784) Importer(815301076,1909f56bfc062723c751e8b465ee728b)
Start importing Assets/2DGamekit/Art/Sprites/AnimatedSprites/Ellen/Animations/Push/Anim_PUSH_00009.png using Guid(78a64664c88ec60478ced92e86dbb784) Importer(815301076,1909f56bfc062723c751e8b465ee728b)  -> (artifact id: '8830627f5000d3854e3e3c2e239fb5b9') in 0.012794 seconds 
  Import took 0.016672 seconds .

========================================================================
Received Import Request.
  Time since last request: 0.000186 seconds.
  path: Assets/2DGamekit/Art/Sprites/AnimatedSprites/Ellen/Animations/Push/Anim_PUSH_00007.png
  artifactKey: Guid(665bd6d4ae06fea488861b4bdad2f04d) Importer(815301076,1909f56bfc062723c751e8b465ee728b)
Start importing Assets/2DGamekit/Art/Sprites/AnimatedSprites/Ellen/Animations/Push/Anim_PUSH_00007.png using Guid(665bd6d4ae06fea488861b4bdad2f04d) Importer(815301076,1909f56bfc062723c751e8b465ee728b)  -> (artifact id: '5116e20d0b01a5322364689051e918f3') in 0.013510 seconds 
  Import took 0.017458 seconds .

========================================================================
Received Import Request.
  Time since last request: 0.000151 seconds.
  path: Assets/2DGamekit/Art/Sprites/AnimatedSprites/Ellen/Animations/Push/Anim_PUSH_00003.png
  artifactKey: Guid(7d008f32d5ec4f444bf86f436666060d) Importer(815301076,1909f56bfc062723c751e8b465ee728b)
Start importing Assets/2DGamekit/Art/Sprites/AnimatedSprites/Ellen/Animations/Push/Anim_PUSH_00003.png using Guid(7d008f32d5ec4f444bf86f436666060d) Importer(815301076,1909f56bfc062723c751e8b465ee728b)  -> (artifact id: '0e96fe9e7898b1e416fdd8ccf0c23a7b') in 0.013187 seconds 
  Import took 0.017166 seconds .

========================================================================
Received Import Request.
  Time since last request: 0.000145 seconds.
  path: Assets/2DGamekit/Art/Sprites/AnimatedSprites/Ellen/Animations/Push/Anim_PUSH_00005.png
  artifactKey: Guid(4d25e8426524e5d43a92fe2d594e4912) Importer(815301076,1909f56bfc062723c751e8b465ee728b)
Start importing Assets/2DGamekit/Art/Sprites/AnimatedSprites/Ellen/Animations/Push/Anim_PUSH_00005.png using Guid(4d25e8426524e5d43a92fe2d594e4912) Importer(815301076,1909f56bfc062723c751e8b465ee728b)  -> (artifact id: 'fa3b626b140f1dbc6a1e817d1f7a2339') in 0.012740 seconds 
  Import took 0.016453 seconds .

========================================================================
Received Import Request.
  Time since last request: 0.000159 seconds.
  path: Assets/2DGamekit/Art/Sprites/AnimatedSprites/Ellen/Animations/Push/Anim_PUSH_00025.png
  artifactKey: Guid(852dea1a4d9a29a45b32e544647320ad) Importer(815301076,1909f56bfc062723c751e8b465ee728b)
Start importing Assets/2DGamekit/Art/Sprites/AnimatedSprites/Ellen/Animations/Push/Anim_PUSH_00025.png using Guid(852dea1a4d9a29a45b32e544647320ad) Importer(815301076,1909f56bfc062723c751e8b465ee728b)  -> (artifact id: '243f2b9f97ed698a42d1eaed3bb15932') in 0.012621 seconds 
  Import took 0.016846 seconds .

========================================================================
Received Import Request.
  Time since last request: 0.000152 seconds.
  path: Assets/2DGamekit/Art/Sprites/AnimatedSprites/Ellen/Animations/Push/Anim_PUSH_00011.png
  artifactKey: Guid(9391e70638fb9084ebf61e843059fdf1) Importer(815301076,1909f56bfc062723c751e8b465ee728b)
Start importing Assets/2DGamekit/Art/Sprites/AnimatedSprites/Ellen/Animations/Push/Anim_PUSH_00011.png using Guid(9391e70638fb9084ebf61e843059fdf1) Importer(815301076,1909f56bfc062723c751e8b465ee728b)  -> (artifact id: 'ab160d933fa6125ea17d37b09b71b2bb') in 0.013491 seconds 
  Import took 0.017328 seconds .

========================================================================
Received Import Request.
  Time since last request: 0.000203 seconds.
  path: Assets/2DGamekit/Art/Sprites/AnimatedSprites/Ellen/Animations/Push/Anim_PUSH_00021.png
  artifactKey: Guid(c995874838013244cac3056d42ced345) Importer(815301076,1909f56bfc062723c751e8b465ee728b)
Start importing Assets/2DGamekit/Art/Sprites/AnimatedSprites/Ellen/Animations/Push/Anim_PUSH_00021.png using Guid(c995874838013244cac3056d42ced345) Importer(815301076,1909f56bfc062723c751e8b465ee728b)  -> (artifact id: '0c8851f5d5076a97af5a68a828c982fd') in 0.012778 seconds 
  Import took 0.016619 seconds .

========================================================================
Received Prepare
Registering precompiled user dll's ...
Registered in 0.004277 seconds.
Begin MonoManager ReloadAssembly
Native extension for WindowsStandalone target not found
Native extension for WebGL target not found
Refreshing native plugins compatible for Editor in 0.84 ms, found 3 plugins.
Preloading 0 native plugins for Editor in 0.00 ms.
Mono: successfully reloaded assembly
- Completed reload, in  0.986 seconds
Domain Reload Profiling:
	ReloadAssembly (986ms)
		BeginReloadAssembly (107ms)
			ExecutionOrderSort (0ms)
			DisableScriptedObjects (5ms)
			BackupInstance (0ms)
			ReleaseScriptingObjects (0ms)
			CreateAndSetChildDomain (33ms)
		EndReloadAssembly (823ms)
			LoadAssemblies (80ms)
			RebuildTransferFunctionScriptingTraits (0ms)
			SetupTypeCache (305ms)
			ReleaseScriptCaches (1ms)
			RebuildScriptCaches (53ms)
			SetupLoadedEditorAssemblies (282ms)
				LogAssemblyErrors (0ms)
				InitializePlatformSupportModulesInManaged (5ms)
				SetLoadedEditorAssemblies (1ms)
				RefreshPlugins (1ms)
				BeforeProcessingInitializeOnLoad (61ms)
				ProcessInitializeOnLoadAttributes (200ms)
				ProcessInitializeOnLoadMethodAttributes (9ms)
				AfterProcessingInitializeOnLoad (5ms)
				EditorAssembliesLoaded (0ms)
			ExecutionOrderSort2 (0ms)
			AwakeInstancesAfterBackupRestoration (9ms)
Platform modules already initialized, skipping
Refreshing native plugins compatible for Editor in 0.80 ms, found 3 plugins.
Preloading 0 native plugins for Editor in 0.00 ms.
Unloading 2606 Unused Serialized files (Serialized files now loaded: 0)
System memory in use before: 119.2 MB.
System memory in use after: 119.4 MB.

Unloading 18 unused Assets to reduce memory usage. Loaded Objects now: 3151.
Total: 2.834000 ms (FindLiveObjects: 0.232800 ms CreateObjectMapping: 0.117500 ms MarkObjects: 2.466000 ms  DeleteObjects: 0.016700 ms)

AssetImportParameters requested are different than current active one (requested -> active):
  custom:framework-win-MediaFoundation: 216162199b28c13a410421893ffa2e32 -> 
  custom:video-decoder-ogg-theora: a1e56fd34408186e4bbccfd4996cb3dc -> 
  custom:container-muxer-webm: aa71ff27fc2769a1b78a27578f13a17b -> 
  custom:container-demuxer-webm: 4f35f7cbe854078d1ac9338744f61a02 -> 
  custom:container-demuxer-ogg: 62fdf1f143b41e24485cea50d1cbac27 -> 
  custom:video-encoder-webm-vp8: eb34c28f22e8b96e1ab97ce403110664 -> 
  custom:video-decoder-webm-vp8: 9c59270c3fd7afecdb556c50c9e8de78 -> 
  custom:audio-decoder-ogg-vorbis: bf7c407c2cedff20999df2af8eb42d56 -> 
  custom:audio-encoder-webm-vorbis: bf7c407c2cedff20999df2af8eb42d56 -> 
AssetImportWorkerClient::OnTransportError - code=2 error=End of file
